<?xml version="1.0" encoding="UTF-8"?>
<testsuite name="linter.AppTest" tests="6" skipped="0" failures="0" errors="0" timestamp="2020-01-09T20:26:49" hostname="38f9d3629ef6.ant.amazon.com" time="0.019">
  <properties/>
  <testcase name="testEmptyFileCheckJavaScriptFileMethod" classname="linter.AppTest" time="0.008"/>
  <testcase name="testAppHasAGreeting" classname="linter.AppTest" time="0.0"/>
  <testcase name="testfewErrorCheckJavaScriptFileMethod" classname="linter.AppTest" time="0.003"/>
  <testcase name="testOneErrorCheckJavaScriptFileMethod" classname="linter.AppTest" time="0.003"/>
  <testcase name="testNoErrorCheckJavaScriptFileMethod" classname="linter.AppTest" time="0.002"/>
  <testcase name="testcheckJavaScriptFileMethod" classname="linter.AppTest" time="0.002"/>
  <system-out><![CDATA[]]></system-out>
  <system-err><![CDATA[]]></system-err>
</testsuite>
